# JRE version: OpenJDK Runtime Environment (21.0.9) (build 21.0.9+-14787801-b1163.94)
# Java VM: OpenJDK 64-Bit Server VM (21.0.9+-14787801-b1163.94, mixed mode, tiered, compressed oops, compressed class ptrs, g1 gc, windows-amd64)
GC Precious Log:
 CardTable entry size: 512
 Card Set container configuration: InlinePtr #cards 5 size 8 Array Of Cards #cards 12 size 40 Howl #buckets 4 coarsen threshold 1843 Howl Bitmap #cards 512 size 80 coarsen threshold 460 Card regions per heap region 1 cards per card region 2048
 CPUs: 8 total, 8 available
 Memory: 5965M
 Large Page Support: Disabled
 NUMA Support: Disabled
 Compressed Oops: Enabled (32-bit)
 Heap Region Size: 1M
 Heap Min Capacity: 8M
 Heap Initial Capacity: 94M
 Heap Max Capacity: 1492M
 Pre-touch: Disabled
 Parallel Workers: 8
 Concurrent Workers: 2
 Concurrent Refinement Workers: 8
 Periodic GC: Disabled
Heap:
 garbage-first heap   total 101376K, used 67559K [0x00000000a2c00000, 0x0000000100000000)
  region size 1024K, 16 young (16384K), 3 survivors (3072K)
 Metaspace       used 49134K, committed 49856K, reserved 1114112K
  class space    used 5955K, committed 6336K, reserved 1048576K
GC Heap History (20 events):
Event: 9.203 GC heap before
{Heap before GC invocations=13 (full 0):
 garbage-first heap   total 52224K, used 41438K [0x00000000a2c00000, 0x0000000100000000)
  region size 1024K, 15 young (15360K), 2 survivors (2048K)
 Metaspace       used 38060K, committed 38336K, reserved 1114112K
  class space    used 4631K, committed 4736K, reserved 1048576K
}
Event: 9.212 GC heap after
{Heap after GC invocations=14 (full 0):
 garbage-first heap   total 52224K, used 30837K [0x00000000a2c00000, 0x0000000100000000)
  region size 1024K, 2 young (2048K), 2 survivors (2048K)
 Metaspace       used 38060K, committed 38336K, reserved 1114112K
  class space    used 4631K, committed 4736K, reserved 1048576K
}
Event: 10.036 GC heap before
{Heap before GC invocations=14 (full 0):
 garbage-first heap   total 52224K, used 43125K [0x00000000a2c00000, 0x0000000100000000)
  region size 1024K, 14 young (14336K), 2 survivors (2048K)
 Metaspace       used 39908K, committed 40384K, reserved 1114112K
  class space    used 4910K, committed 5120K, reserved 1048576K
}
Event: 10.041 GC heap after
{Heap after GC invocations=15 (full 0):
 garbage-first heap   total 52224K, used 31311K [0x00000000a2c00000, 0x0000000100000000)
  region size 1024K, 1 young (1024K), 1 survivors (1024K)
 Metaspace       used 39908K, committed 40384K, reserved 1114112K
  class space    used 4910K, committed 5120K, reserved 1048576K
}
Event: 10.673 GC heap before
{Heap before GC invocations=16 (full 0):
 garbage-first heap   total 53248K, used 44623K [0x00000000a2c00000, 0x0000000100000000)
  region size 1024K, 14 young (14336K), 1 survivors (1024K)
 Metaspace       used 42627K, committed 43264K, reserved 1114112K
  class space    used 5249K, committed 5568K, reserved 1048576K
}
Event: 10.679 GC heap after
{Heap after GC invocations=17 (full 0):
 garbage-first heap   total 53248K, used 33018K [0x00000000a2c00000, 0x0000000100000000)
  region size 1024K, 2 young (2048K), 2 survivors (2048K)
 Metaspace       used 42627K, committed 43264K, reserved 1114112K
  class space    used 5249K, committed 5568K, reserved 1048576K
}
Event: 11.008 GC heap before
{Heap before GC invocations=17 (full 0):
 garbage-first heap   total 53248K, used 46330K [0x00000000a2c00000, 0x0000000100000000)
  region size 1024K, 15 young (15360K), 2 survivors (2048K)
 Metaspace       used 42869K, committed 43520K, reserved 1114112K
  class space    used 5252K, committed 5568K, reserved 1048576K
}
Event: 11.021 GC heap after
{Heap after GC invocations=18 (full 0):
 garbage-first heap   total 54272K, used 37318K [0x00000000a2c00000, 0x0000000100000000)
  region size 1024K, 2 young (2048K), 2 survivors (2048K)
 Metaspace       used 42869K, committed 43520K, reserved 1114112K
  class space    used 5252K, committed 5568K, reserved 1048576K
}
Event: 11.135 GC heap before
{Heap before GC invocations=18 (full 0):
 garbage-first heap   total 54272K, used 46534K [0x00000000a2c00000, 0x0000000100000000)
  region size 1024K, 11 young (11264K), 2 survivors (2048K)
 Metaspace       used 42880K, committed 43520K, reserved 1114112K
  class space    used 5252K, committed 5568K, reserved 1048576K
}
Event: 11.144 GC heap after
{Heap after GC invocations=19 (full 0):
 garbage-first heap   total 65536K, used 40697K [0x00000000a2c00000, 0x0000000100000000)
  region size 1024K, 2 young (2048K), 2 survivors (2048K)
 Metaspace       used 42880K, committed 43520K, reserved 1114112K
  class space    used 5252K, committed 5568K, reserved 1048576K
}
Event: 11.595 GC heap before
{Heap before GC invocations=20 (full 0):
 garbage-first heap   total 68608K, used 55033K [0x00000000a2c00000, 0x0000000100000000)
  region size 1024K, 15 young (15360K), 2 survivors (2048K)
 Metaspace       used 44691K, committed 45376K, reserved 1114112K
  class space    used 5479K, committed 5760K, reserved 1048576K
}
Event: 11.603 GC heap after
{Heap after GC invocations=21 (full 0):
 garbage-first heap   total 68608K, used 46021K [0x00000000a2c00000, 0x0000000100000000)
  region size 1024K, 2 young (2048K), 2 survivors (2048K)
 Metaspace       used 44691K, committed 45376K, reserved 1114112K
  class space    used 5479K, committed 5760K, reserved 1048576K
}
Event: 12.000 GC heap before
{Heap before GC invocations=21 (full 0):
 garbage-first heap   total 68608K, used 58309K [0x00000000a2c00000, 0x0000000100000000)
  region size 1024K, 14 young (14336K), 2 survivors (2048K)
 Metaspace       used 46459K, committed 47168K, reserved 1114112K
  class space    used 5688K, committed 6016K, reserved 1048576K
}
Event: 12.010 GC heap after
{Heap after GC invocations=22 (full 0):
 garbage-first heap   total 68608K, used 47897K [0x00000000a2c00000, 0x0000000100000000)
  region size 1024K, 2 young (2048K), 2 survivors (2048K)
 Metaspace       used 46459K, committed 47168K, reserved 1114112K
  class space    used 5688K, committed 6016K, reserved 1048576K
}
Event: 12.313 GC heap before
{Heap before GC invocations=22 (full 0):
 garbage-first heap   total 68608K, used 59161K [0x00000000a2c00000, 0x0000000100000000)
  region size 1024K, 13 young (13312K), 2 survivors (2048K)
 Metaspace       used 47428K, committed 48064K, reserved 1114112K
  class space    used 5796K, committed 6080K, reserved 1048576K
}
Event: 12.337 GC heap after
{Heap after GC invocations=23 (full 0):
 garbage-first heap   total 68608K, used 50151K [0x00000000a2c00000, 0x0000000100000000)
  region size 1024K, 2 young (2048K), 2 survivors (2048K)
 Metaspace       used 47428K, committed 48064K, reserved 1114112K
  class space    used 5796K, committed 6080K, reserved 1048576K
}
Event: 12.709 GC heap before
{Heap before GC invocations=24 (full 0):
 garbage-first heap   total 83968K, used 59367K [0x00000000a2c00000, 0x0000000100000000)
  region size 1024K, 12 young (12288K), 2 survivors (2048K)
 Metaspace       used 48907K, committed 49664K, reserved 1114112K
  class space    used 5946K, committed 6336K, reserved 1048576K
}
Event: 12.717 GC heap after
{Heap after GC invocations=25 (full 0):
 garbage-first heap   total 83968K, used 51931K [0x00000000a2c00000, 0x0000000100000000)
  region size 1024K, 2 young (2048K), 2 survivors (2048K)
 Metaspace       used 48907K, committed 49664K, reserved 1114112K
  class space    used 5946K, committed 6336K, reserved 1048576K
}
Event: 13.246 GC heap before
{Heap before GC invocations=25 (full 0):
 garbage-first heap   total 83968K, used 71387K [0x00000000a2c00000, 0x0000000100000000)
  region size 1024K, 20 young (20480K), 2 survivors (2048K)
 Metaspace       used 49111K, committed 49856K, reserved 1114112K
  class space    used 5955K, committed 6336K, reserved 1048576K
}
Event: 13.257 GC heap after
{Heap after GC invocations=26 (full 0):
 garbage-first heap   total 101376K, used 55271K [0x00000000a2c00000, 0x0000000100000000)
  region size 1024K, 3 young (3072K), 3 survivors (3072K)
 Metaspace       used 49111K, committed 49856K, reserved 1114112K
  class space    used 5955K, committed 6336K, reserved 1048576K
}

